<?xml version="1.0" encoding="UTF-8"?>
<!-- Generated by org.testng.reporters.JUnitXMLReporter -->
<testsuite ignored="0" hostname="DESKTOP-ORMBRL3" failures="1" tests="1" name="Test" time="16.202" errors="0" timestamp="2025-05-19T13:56:26 EDT">
  <testcase classname="MainTests.OptimizedE2E" name="OE2E" time="10.09">
    <failure type="java.lang.AssertionError" message="expected [true] but found [false]">
      <![CDATA[java.lang.AssertionError: expected [true] but found [false]
at MainTests.OptimizedE2E.OE2E(OptimizedE2E.java:27)
at java.base/java.util.ArrayList.forEach(ArrayList.java:1596)
... Removed 29 stack frames]]>
    </failure>
  </testcase> <!-- OE2E -->
</testsuite> <!-- Test -->
