<?xml version="1.0" encoding="UTF-8"?>
<testng-results ignored="0" total="1" passed="1" failed="0" skipped="0">
  <reporter-output>
  </reporter-output>
  <suite started-at="2025-06-26T22:17:05 EDT" name="Default suite" finished-at="2025-06-26T22:17:42 EDT" duration-ms="37069">
    <groups>
    </groups>
    <test started-at="2025-06-26T22:17:05 EDT" name="Default test" finished-at="2025-06-26T22:17:42 EDT" duration-ms="37069">
      <class name="MainTests.Mocking">
        <test-method is-config="true" signature="devToolsCreation()[pri:0, instance:MainTests.Mocking@752325ad]" started-at="2025-06-26T22:17:05 EDT" name="devToolsCreation" finished-at="2025-06-26T22:17:20 EDT" duration-ms="14215" status="PASS">
          <reporter-output>
          </reporter-output>
        </test-method> <!-- devToolsCreation -->
        <test-method signature="letssee()[pri:0, instance:MainTests.Mocking@752325ad]" started-at="2025-06-26T22:17:20 EDT" name="letssee" finished-at="2025-06-26T22:17:42 EDT" duration-ms="22786" status="PASS">
          <reporter-output>
          </reporter-output>
        </test-method> <!-- letssee -->
      </class> <!-- MainTests.Mocking -->
    </test> <!-- Default test -->
  </suite> <!-- Default suite -->
</testng-results>
